<?xml version="1.0" encoding="UTF-8"?>
<robot generator="Robot 6.0.1 (Python 3.11.0 on win32)" generated="20221201 08:07:49.640" rpa="false" schemaversion="3">
<suite id="s1" name="Software Testing" source="D:\software testing">
<suite id="s1-s1" name="Practice" source="D:\software testing\practice.robot">
<test id="s1-s1-t1" name="verify if the home is reachable or not" line="8">
<kw name="Open Browser" library="Selenium2Library">
<arg>'https//icp.edu.pk'</arg>
<arg>${BROWSER}</arg>
<doc>Opens a new browser instance to the optional ``url``.</doc>
<msg timestamp="20221201 08:07:50.288" level="INFO">Opening browser 'chrome' to base url ''https//icp.edu.pk''.</msg>
<msg timestamp="20221201 08:07:52.804" level="INFO" html="true">&lt;/td&gt;&lt;/tr&gt;&lt;tr&gt;&lt;td colspan="3"&gt;&lt;a href="selenium-screenshot-1.png"&gt;&lt;img src="selenium-screenshot-1.png" width="800px"&gt;&lt;/a&gt;</msg>
<msg timestamp="20221201 08:07:52.812" level="FAIL">InvalidArgumentException: Message: invalid argument
  (Session info: chrome=108.0.5359.72)
Stacktrace:
Backtrace:
	Ordinal0 [0x0152ACD3+2075859]
	Ordinal0 [0x014BEE61+1633889]
	Ordinal0 [0x013BB680+571008]
	Ordinal0 [0x013AE8FE+518398]
	Ordinal0 [0x013AD2A3+512675]
	Ordinal0 [0x013AD5AD+513453]
	Ordinal0 [0x013BD0CE+577742]
	Ordinal0 [0x0141BC7D+965757]
	Ordinal0 [0x0140731C+881436]
	Ordinal0 [0x0141B56A+963946]
	Ordinal0 [0x01407136+880950]
	Ordinal0 [0x013DFEFD+720637]
	Ordinal0 [0x013E0F3F+724799]
	GetHandleVerifier [0x017DEED2+2769538]
	GetHandleVerifier [0x017D0D95+2711877]
	GetHandleVerifier [0x015BA03A+521194]
	GetHandleVerifier [0x015B8DA0+516432]
	Ordinal0 [0x014C682C+1665068]
	Ordinal0 [0x014CB128+1683752]
	Ordinal0 [0x014CB215+1683989]
	Ordinal0 [0x014D6484+1729668]
	BaseThreadInitThunk [0x76498484+36]
	RtlValidSecurityDescriptor [0x776C2EC0+448]
	RtlValidSecurityDescriptor [0x776C2E90+400]
</msg>
<status status="FAIL" starttime="20221201 08:07:50.288" endtime="20221201 08:07:52.820"/>
</kw>
<kw name="Close Browser" library="Selenium2Library">
<doc>Closes the current browser.</doc>
<status status="NOT RUN" starttime="20221201 08:07:52.820" endtime="20221201 08:07:52.820"/>
</kw>
<status status="FAIL" starttime="20221201 08:07:50.280" endtime="20221201 08:07:52.828">InvalidArgumentException: Message: invalid argument
  (Session info: chrome=108.0.5359.72)
Stacktrace:
Backtrace:
	Ordinal0 [0x0152ACD3+2075859]
	Ordinal0 [0x014BEE61+1633889]
	Ordinal0 [0x013BB680+571008]
	Ordinal0 [0x013AE8FE+518398]
	Ordinal0 [0x013AD2A3+512675]
	Ordinal0 [0x013AD5AD+513453]
	Ordinal0 [0x013BD0CE+577742]
	Ordinal0 [0x0141BC7D+965757]
	Ordinal0 [0x0140731C+881436]
	Ordinal0 [0x0141B56A+963946]
	Ordinal0 [0x01407136+880950]
	Ordinal0 [0x013DFEFD+720637]
	Ordinal0 [0x013E0F3F+724799]
	GetHandleVerifier [0x017DEED2+2769538]
	GetHandleVerifier [0x017D0D95+2711877]
	GetHandleVerifier [0x015BA03A+521194]
	GetHandleVerifier [0x015B8DA0+516432]
	Ordinal0 [0x014C682C+1665068]
	Ordinal0 [0x014CB128+1683752]
	Ordinal0 [0x014CB215+1683989]
	Ordinal0 [0x014D6484+1729668]
	BaseThreadInitThunk [0x76498484+36]
	RtlValidSecurityDescriptor [0x776C2EC0+448]
	RtlValidSecurityDescriptor [0x776C2E90+400]
</status>
</test>
<status status="FAIL" starttime="20221201 08:07:49.784" endtime="20221201 08:07:52.844"/>
</suite>
<status status="FAIL" starttime="20221201 08:07:49.688" endtime="20221201 08:07:52.844"/>
</suite>
<statistics>
<total>
<stat pass="0" fail="1" skip="0">All Tests</stat>
</total>
<tag>
</tag>
<suite>
<stat pass="0" fail="1" skip="0" id="s1" name="Software Testing">Software Testing</stat>
<stat pass="0" fail="1" skip="0" id="s1-s1" name="Practice">Software Testing.Practice</stat>
</suite>
</statistics>
<errors>
</errors>
</robot>
